<?xml version="1.0" encoding="utf-8" ?>
<!DOCTYPE html PUBLIC "-//W3C//DTD XHTML 1.0 Strict//EN"
        "http://www.w3.org/TR/xhtml1/DTD/xhtml1-strict.dtd">
<html xmlns="http://www.w3.org/1999/xhtml" xml:lang="" lang="">
<head>
  <title>Test Results Report - vivoX9</title>
  <meta http-equiv="Content-Type" content="text/html;charset=utf-8" />
  <meta name="description" content="TestNG unit test results." />
  <link href="reportng.css" rel="stylesheet" type="text/css" />
    <script type="text/javascript" src="reportng.js"></script>
</head>
<body>
<h1>vivoX9</h1>
<p>
  Test duration: 80.943s
</p>

  <table class="resultsTable configTable">
    <tr><th colspan="3" class="header failedConfig">Failed Configuration</th></tr>
              <tr class="group">
        <td colspan="3">gby.testng.testcase.PublishPostCase</td>
      </tr>
            
<tr>
  <td class="method">
                  deletePost
      </td>
  <td class="duration">
    15.605s
  </td>
  <td class="result">
        
    
            <div class="testOutput">
                        [info] 【mineButton】识别成功<br />
                                [info] 【myPostButton】暂未找到，轮询中...<br />
                                [info] 【myPostButton】暂未找到，轮询中...<br />
                                [info] 【myPostButton】暂未找到，轮询中...<br />
                                [info] 【myPostButton】暂未找到，轮询中...<br />
                                [info] 【myPostButton】暂未找到，轮询中...<br />
                                [info] 【myPostButton】暂未找到，轮询中...<br />
                                [info] 【myPostButton】暂未找到，轮询中...<br />
                                [info] 【myPostButton】暂未找到，轮询中...<br />
                                [info] 【myPostButton】暂未找到，轮询中...<br />
                                [info] 【myPostButton】暂未找到，轮询中...<br />
                                [info] 【myPostButton】暂未找到，轮询中...<br />
                                [info] 【myPostButton】暂未找到，轮询中...<br />
                                [info] 【myPostButton】暂未找到，轮询中...<br />
                                [info] 【myPostButton】暂未找到，轮询中...<br />
                                [info] 【myPostButton】暂未找到，轮询中...<br />
                                [info] 【myPostButton】暂未找到，轮询中...<br />
                                [info] 【myPostButton】暂未找到，轮询中...<br />
                                [info] 【myPostButton】暂未找到，轮询中...<br />
                                [info] 【myPostButton】暂未找到，轮询中...<br />
                                [info] 【myPostButton】暂未找到，轮询中...<br />
                                [info] 【myPostButton】暂未找到，轮询中...<br />
                                [info] 【myPostButton】暂未找到，轮询中...<br />
                                [info] 【myPostButton】暂未找到，轮询中...<br />
                                [error] 【myPostButton】识别失败：识别超时<br />
                  </div>
    

        <a href="javascript:toggleElement('exception-0', 'block')" title="Click to expand/collapse"><b>java.lang.AssertionError: 【myPostButton】元素识别失败，该测试方法自动结束失败</b></a><br />
    <div class="stackTrace" id="exception-0">
              org.testng.Assert.fail(Assert.java:96)<br />
              gby.appium.page.BasePage.findElement(BasePage.java:94)<br />
              gby.appium.page.MinePage.deletePost(MinePage.java:32)<br />
              gby.testng.testcase.PublishPostCase.deletePost(PublishPostCase.java:64)<br />
              sun.reflect.NativeMethodAccessorImpl.invoke0(Native Method)<br />
              sun.reflect.NativeMethodAccessorImpl.invoke(Unknown Source)<br />
              sun.reflect.DelegatingMethodAccessorImpl.invoke(Unknown Source)<br />
              java.lang.reflect.Method.invoke(Unknown Source)<br />
              org.testng.internal.MethodInvocationHelper.invokeMethod(MethodInvocationHelper.java:124)<br />
              org.testng.internal.MethodInvocationHelper.invokeMethodConsideringTimeout(MethodInvocationHelper.java:59)<br />
              org.testng.internal.Invoker.invokeConfigurationMethod(Invoker.java:458)<br />
              org.testng.internal.Invoker.invokeConfigurations(Invoker.java:222)<br />
              org.testng.internal.Invoker.invokeConfigurations(Invoker.java:142)<br />
              org.testng.internal.TestMethodWorker.invokeAfterClassMethods(TestMethodWorker.java:214)<br />
              org.testng.internal.TestMethodWorker.run(TestMethodWorker.java:111)<br />
              org.testng.TestRunner.privateRun(TestRunner.java:648)<br />
              org.testng.TestRunner.run(TestRunner.java:505)<br />
              org.testng.SuiteRunner.runTest(SuiteRunner.java:455)<br />
              org.testng.SuiteRunner.access$000(SuiteRunner.java:40)<br />
              org.testng.SuiteRunner$SuiteWorker.run(SuiteRunner.java:489)<br />
              org.testng.internal.thread.ThreadUtil$1.call(ThreadUtil.java:52)<br />
              java.util.concurrent.FutureTask.run(Unknown Source)<br />
              java.util.concurrent.ThreadPoolExecutor.runWorker(Unknown Source)<br />
              java.util.concurrent.ThreadPoolExecutor$Worker.run(Unknown Source)<br />
              java.lang.Thread.run(Unknown Source)<br />
                </div>
      </td>
</tr>
    
      </table>


  <table class="resultsTable">
    <tr><th colspan="3" class="header failed">Failed Tests</th></tr>
          <tr>
        <td colspan="3" class="group">gby.testng.testcase.PublishPostCase</td>
      </tr>
            
<tr>
  <td class="method">
                  intoPublisPostPage
      </td>
  <td class="duration">
    21.081s
  </td>
  <td class="result">
        
    
            <div class="testOutput">
                        [info] 【intoPublisPostPage】测试用例开始执行<br />
                                [info] 【findRoommateButton】识别成功<br />
                                [info] 【publishIcon】识别成功<br />
                                [info] 【hasntRoomButton】暂未找到，轮询中...<br />
                                [info] 【hasntRoomButton】识别成功<br />
                                [debug] 执行命令：[cmd, /c, adb -s 192.168.20.159:5555 shell dumpsys window | findstr mCurrentFocus]<br />
                                [debug] 命令结果：&nbsp; mCurrentFocus=Window{fa4a905 u0 com.loulifang.house/com.loulifang.house.activities.LoginActivity}<br />
                                [info] 【userName】识别成功<br />
                                [info] 【password】识别成功<br />
                                [info] 【loginButton】暂未找到，轮询中...<br />
                                [info] 【loginButton】暂未找到，轮询中...<br />
                                [info] 【loginButton】暂未找到，轮询中...<br />
                                [info] 【loginButton】暂未找到，轮询中...<br />
                                [info] 【loginButton】暂未找到，轮询中...<br />
                                [info] 【loginButton】暂未找到，轮询中...<br />
                                [info] 【loginButton】暂未找到，轮询中...<br />
                                [info] 【loginButton】暂未找到，轮询中...<br />
                                [info] 【loginButton】暂未找到，轮询中...<br />
                                [info] 【loginButton】暂未找到，轮询中...<br />
                                [info] 【loginButton】暂未找到，轮询中...<br />
                                [info] 【loginButton】暂未找到，轮询中...<br />
                                [info] 【loginButton】暂未找到，轮询中...<br />
                                [info] 【loginButton】暂未找到，轮询中...<br />
                                [info] 【loginButton】暂未找到，轮询中...<br />
                                [info] 【loginButton】暂未找到，轮询中...<br />
                                [info] 【loginButton】暂未找到，轮询中...<br />
                                [info] 【loginButton】暂未找到，轮询中...<br />
                                [info] 【loginButton】暂未找到，轮询中...<br />
                                [info] 【loginButton】暂未找到，轮询中...<br />
                                [info] 【loginButton】暂未找到，轮询中...<br />
                                [info] 【loginButton】暂未找到，轮询中...<br />
                                [info] 【loginButton】暂未找到，轮询中...<br />
                                [info] 【loginButton】暂未找到，轮询中...<br />
                                [info] 【loginButton】暂未找到，轮询中...<br />
                                [error] 【loginButton】识别失败：识别超时<br />
                                [error] 【intoPublisPostPage】测试用例执行失败<br />
                                &lt;a target=&apos;_blank&apos; href=&quot;file:D:\git\Appium\vivoX9_screenshots\PublishPostCase.intoPublisPostPage_20180907015318.png&quot;&gt;<br />
                                &lt;img width=&quot;350&quot; src=&quot;file:D:\git\Appium\vivoX9_screenshots\PublishPostCase.intoPublisPostPage_20180907015318.png&quot; /&gt;&nbsp;&nbsp;&nbsp; 失败截图：C:\Users\ADMINI~1\AppData\Local\Temp\screenshot8123587305158351560.png<br />
                                &lt;/a&gt;&lt;br /&gt;<br />
                                [info] 【homePageButton】未找到，识别失败,元素list长度为0<br />
                                [info] 正在返回首页...<br />
                                [info] 【homePageButton】未找到，识别失败,元素list长度为0<br />
                                [info] 正在返回首页...<br />
                                [info] 【homePageButton】识别成功<br />
                                [info] 正在返回首页...<br />
                                [info] 已返回首页<br />
                  </div>
    

        <a href="javascript:toggleElement('exception-1', 'block')" title="Click to expand/collapse"><b>java.lang.AssertionError: 【loginButton】元素识别失败，该测试方法自动结束失败</b></a><br />
    <div class="stackTrace" id="exception-1">
              org.testng.Assert.fail(Assert.java:96)<br />
              gby.appium.page.BasePage.findElement(BasePage.java:94)<br />
              gby.appium.page.LoginPage.login(LoginPage.java:15)<br />
              gby.appium.page.FindRoommateBasePage.openPublishPage(FindRoommateBasePage.java:43)<br />
              gby.testng.testcase.PublishPostCase.intoPublisPostPage(PublishPostCase.java:39)<br />
              sun.reflect.NativeMethodAccessorImpl.invoke0(Native Method)<br />
              sun.reflect.NativeMethodAccessorImpl.invoke(Unknown Source)<br />
              sun.reflect.DelegatingMethodAccessorImpl.invoke(Unknown Source)<br />
              java.lang.reflect.Method.invoke(Unknown Source)<br />
              org.testng.internal.MethodInvocationHelper.invokeMethod(MethodInvocationHelper.java:124)<br />
              org.testng.internal.Invoker.invokeMethod(Invoker.java:583)<br />
              org.testng.internal.Invoker.retryFailed(Invoker.java:839)<br />
              org.testng.internal.Invoker.invokeTestMethods(Invoker.java:1010)<br />
              org.testng.internal.TestMethodWorker.invokeTestMethods(TestMethodWorker.java:125)<br />
              org.testng.internal.TestMethodWorker.run(TestMethodWorker.java:109)<br />
              org.testng.TestRunner.privateRun(TestRunner.java:648)<br />
              org.testng.TestRunner.run(TestRunner.java:505)<br />
              org.testng.SuiteRunner.runTest(SuiteRunner.java:455)<br />
              org.testng.SuiteRunner.access$000(SuiteRunner.java:40)<br />
              org.testng.SuiteRunner$SuiteWorker.run(SuiteRunner.java:489)<br />
              org.testng.internal.thread.ThreadUtil$1.call(ThreadUtil.java:52)<br />
              java.util.concurrent.FutureTask.run(Unknown Source)<br />
              java.util.concurrent.ThreadPoolExecutor.runWorker(Unknown Source)<br />
              java.util.concurrent.ThreadPoolExecutor$Worker.run(Unknown Source)<br />
              java.lang.Thread.run(Unknown Source)<br />
                </div>
      </td>
</tr>
      </table>

  <table class="resultsTable" width="100%">
    <tr><th colspan="3" class="header skipped">Skipped Tests</th></tr>
          <tr>
        <td colspan="3" class="group">gby.testng.testcase.PublishPostCase</td>
      </tr>
            
<tr>
  <td class="method">
                  publishRoom
      </td>
  <td class="duration">
    0.000s
  </td>
  <td class="result">
                             <i>Depends on method(s): </i>
        <span class="dependency">gby.testng.testcase.PublishPostCase.intoPublisPostPage</span>
                
    
            <div class="testOutput">
                        [error] 【publishRoom】测试用例被跳过<br />
                                [info] 【homePageButton】识别成功<br />
                                [info] 正在返回首页...<br />
                                [info] 已返回首页<br />
                  </div>
    

      </td>
</tr>
      </table>

  <table class="resultsTable">
    <tr><th colspan="3" class="header passed">Passed Tests</th></tr>
          <tr>
        <td colspan="3" class="group">gby.testng.testcase.InitDriverCase</td>
      </tr>
            
<tr>
  <td class="method">
                  f
      </td>
  <td class="duration">
    44.255s
  </td>
  <td class="result">
        
          <i>Method arguments: </i><span class="arguments">"vivoX9"</span><br />
    
            <div class="testOutput">
                        [info] 【f】测试用例开始执行<br />
                                [debug] deviceName: vivoX9<br />
                                [debug] 执行命令：[cmd, /c, adb connect 192.168.20.159:5555]<br />
                                [debug] 命令结果：connected to 192.168.20.159:5555* daemon not running; starting now at tcp:5037* daemon started successfully<br />
                                [info] AndroidDriver初始化完成，打开app成功<br />
                                [info] 【f】测试用例执行成功<br />
                  </div>
    

      </td>
</tr>
      </table>
  
</body>
</html>
