<html>
<head>
<title>TestNG:  vivoX9</title>
<link href="../testng.css" rel="stylesheet" type="text/css" />
<link href="../my-testng.css" rel="stylesheet" type="text/css" />

<style type="text/css">
.log { display: none;} 
.stack-trace { display: none;} 
</style>
<script type="text/javascript">
<!--
function flip(e) {
  current = e.style.display;
  if (current == 'block') {
    e.style.display = 'none';
    return 0;
  }
  else {
    e.style.display = 'block';
    return 1;
  }
}

function toggleBox(szDivId, elem, msg1, msg2)
{
  var res = -1;  if (document.getElementById) {
    res = flip(document.getElementById(szDivId));
  }
  else if (document.all) {
    // this is the way old msie versions work
    res = flip(document.all[szDivId]);
  }
  if(elem) {
    if(res == 0) elem.innerHTML = msg1; else elem.innerHTML = msg2;
  }

}

function toggleAllBoxes() {
  if (document.getElementsByTagName) {
    d = document.getElementsByTagName('div');
    for (i = 0; i < d.length; i++) {
      if (d[i].className == 'log') {
        flip(d[i]);
      }
    }
  }
}

// -->
</script>

</head>
<body>
<h2 align='center'>vivoX9</h2><table border='1' align="center">
<tr>
<td>Tests passed/Failed/Skipped:</td><td>1/1/2</td>
</tr><tr>
<td>Started on:</td><td>Fri Sep 07 13:51:42 CST 2018</td>
</tr>
<tr><td>Total time:</td><td>115 seconds (115827 ms)</td>
</tr><tr>
<td>Included groups:</td><td></td>
</tr><tr>
<td>Excluded groups:</td><td></td>
</tr>
</table><p/>
<small><i>(Hover the method name to see the test class name)</i></small><p/>
<table width='100%' border='1' class='invocation-failed'>
<tr><td colspan='4' align='center'><b>FAILED CONFIGURATIONS</b></td></tr>
<tr><td><b>Test method</b></td>
<td width="30%"><b>Exception</b></td>
<td width="10%"><b>Time (seconds)</b></td>
<td><b>Instance</b></td>
</tr>
<tr>
<td title='gby.testng.testcase.PublishPostCase.deletePost()'><b>deletePost</b><br>Test class: gby.testng.testcase.PublishPostCase<br/>
<a href="#Output-301702375" onClick='toggleBox("Output-301702375", this, "Show output", "Hide output");'>Show output</a>

<a href="#Output-301702375" onClick="toggleAllBoxes();">Show all outputs</a>
<div class='log' id="Output-301702375">
[info] 【mineButton】识别成功<br/>
[info] 【myPostButton】暂未找到，轮询中...<br/>
[info] 【myPostButton】暂未找到，轮询中...<br/>
[info] 【myPostButton】暂未找到，轮询中...<br/>
[info] 【myPostButton】暂未找到，轮询中...<br/>
[info] 【myPostButton】暂未找到，轮询中...<br/>
[info] 【myPostButton】暂未找到，轮询中...<br/>
[info] 【myPostButton】暂未找到，轮询中...<br/>
[info] 【myPostButton】暂未找到，轮询中...<br/>
[info] 【myPostButton】暂未找到，轮询中...<br/>
[info] 【myPostButton】暂未找到，轮询中...<br/>
[info] 【myPostButton】暂未找到，轮询中...<br/>
[info] 【myPostButton】暂未找到，轮询中...<br/>
[info] 【myPostButton】暂未找到，轮询中...<br/>
[info] 【myPostButton】暂未找到，轮询中...<br/>
[info] 【myPostButton】暂未找到，轮询中...<br/>
[info] 【myPostButton】暂未找到，轮询中...<br/>
[info] 【myPostButton】暂未找到，轮询中...<br/>
[info] 【myPostButton】暂未找到，轮询中...<br/>
[info] 【myPostButton】暂未找到，轮询中...<br/>
[info] 【myPostButton】暂未找到，轮询中...<br/>
[info] 【myPostButton】暂未找到，轮询中...<br/>
[info] 【myPostButton】暂未找到，轮询中...<br/>
[info] 【myPostButton】暂未找到，轮询中...<br/>
[error] 【myPostButton】识别失败：识别超时<br/>
</div>
</td>
<td><div><pre>java.lang.AssertionError: 【myPostButton】元素识别失败，该测试方法自动结束失败
	at gby.appium.page.BasePage.findElement(BasePage.java:94)
	at gby.appium.page.MinePage.deletePost(MinePage.java:32)
	at gby.testng.testcase.PublishPostCase.deletePost(PublishPostCase.java:64)
	at java.util.concurrent.FutureTask.run(Unknown Source)
	at java.util.concurrent.ThreadPoolExecutor.runWorker(Unknown Source)
	at java.util.concurrent.ThreadPoolExecutor$Worker.run(Unknown Source)
	at java.lang.Thread.run(Unknown Source)
... Removed 18 stack frames</pre></div><a href='#' onClick='toggleBox("stack-trace301702375", this, "Click to show all stack frames", "Click to hide stack frames")'>Click to show all stack frames</a>
<div class='stack-trace' id='stack-trace301702375'><pre>java.lang.AssertionError: 【myPostButton】元素识别失败，该测试方法自动结束失败
	at org.testng.Assert.fail(Assert.java:96)
	at gby.appium.page.BasePage.findElement(BasePage.java:94)
	at gby.appium.page.MinePage.deletePost(MinePage.java:32)
	at gby.testng.testcase.PublishPostCase.deletePost(PublishPostCase.java:64)
	at sun.reflect.NativeMethodAccessorImpl.invoke0(Native Method)
	at sun.reflect.NativeMethodAccessorImpl.invoke(Unknown Source)
	at sun.reflect.DelegatingMethodAccessorImpl.invoke(Unknown Source)
	at java.lang.reflect.Method.invoke(Unknown Source)
	at org.testng.internal.MethodInvocationHelper.invokeMethod(MethodInvocationHelper.java:124)
	at org.testng.internal.MethodInvocationHelper.invokeMethodConsideringTimeout(MethodInvocationHelper.java:59)
	at org.testng.internal.Invoker.invokeConfigurationMethod(Invoker.java:458)
	at org.testng.internal.Invoker.invokeConfigurations(Invoker.java:222)
	at org.testng.internal.Invoker.invokeConfigurations(Invoker.java:142)
	at org.testng.internal.TestMethodWorker.invokeAfterClassMethods(TestMethodWorker.java:214)
	at org.testng.internal.TestMethodWorker.run(TestMethodWorker.java:111)
	at org.testng.TestRunner.privateRun(TestRunner.java:648)
	at org.testng.TestRunner.run(TestRunner.java:505)
	at org.testng.SuiteRunner.runTest(SuiteRunner.java:455)
	at org.testng.SuiteRunner.access$000(SuiteRunner.java:40)
	at org.testng.SuiteRunner$SuiteWorker.run(SuiteRunner.java:489)
	at org.testng.internal.thread.ThreadUtil$1.call(ThreadUtil.java:52)
	at java.util.concurrent.FutureTask.run(Unknown Source)
	at java.util.concurrent.ThreadPoolExecutor.runWorker(Unknown Source)
	at java.util.concurrent.ThreadPoolExecutor$Worker.run(Unknown Source)
	at java.lang.Thread.run(Unknown Source)
</pre></div></td>
<td>15</td>
<td>gby.testng.testcase.PublishPostCase@167fdd33</td></tr>
</table><p>
<table width='100%' border='1' class='invocation-failed'>
<tr><td colspan='4' align='center'><b>FAILED TESTS</b></td></tr>
<tr><td><b>Test method</b></td>
<td width="30%"><b>Exception</b></td>
<td width="10%"><b>Time (seconds)</b></td>
<td><b>Instance</b></td>
</tr>
<tr>
<td title='gby.testng.testcase.PublishPostCase.intoPublisPostPage()'><b>intoPublisPostPage</b><br>Test class: gby.testng.testcase.PublishPostCase<br/>
<a href="#Output-1697424364" onClick='toggleBox("Output-1697424364", this, "Show output", "Hide output");'>Show output</a>

<a href="#Output-1697424364" onClick="toggleAllBoxes();">Show all outputs</a>
<div class='log' id="Output-1697424364">
[info] 【intoPublisPostPage】测试用例开始执行<br/>
[info] 【findRoommateButton】识别成功<br/>
[info] 【publishIcon】识别成功<br/>
[info] 【hasntRoomButton】暂未找到，轮询中...<br/>
[info] 【hasntRoomButton】识别成功<br/>
[debug] 执行命令：[cmd, /c, adb -s 192.168.20.159:5555 shell dumpsys window | findstr mCurrentFocus]<br/>
[debug] 命令结果：  mCurrentFocus=Window{fa4a905 u0 com.loulifang.house/com.loulifang.house.activities.LoginActivity}<br/>
[info] 【userName】识别成功<br/>
[info] 【password】识别成功<br/>
[info] 【loginButton】暂未找到，轮询中...<br/>
[info] 【loginButton】暂未找到，轮询中...<br/>
[info] 【loginButton】暂未找到，轮询中...<br/>
[info] 【loginButton】暂未找到，轮询中...<br/>
[info] 【loginButton】暂未找到，轮询中...<br/>
[info] 【loginButton】暂未找到，轮询中...<br/>
[info] 【loginButton】暂未找到，轮询中...<br/>
[info] 【loginButton】暂未找到，轮询中...<br/>
[info] 【loginButton】暂未找到，轮询中...<br/>
[info] 【loginButton】暂未找到，轮询中...<br/>
[info] 【loginButton】暂未找到，轮询中...<br/>
[info] 【loginButton】暂未找到，轮询中...<br/>
[info] 【loginButton】暂未找到，轮询中...<br/>
[info] 【loginButton】暂未找到，轮询中...<br/>
[info] 【loginButton】暂未找到，轮询中...<br/>
[info] 【loginButton】暂未找到，轮询中...<br/>
[info] 【loginButton】暂未找到，轮询中...<br/>
[info] 【loginButton】暂未找到，轮询中...<br/>
[info] 【loginButton】暂未找到，轮询中...<br/>
[info] 【loginButton】暂未找到，轮询中...<br/>
[info] 【loginButton】暂未找到，轮询中...<br/>
[info] 【loginButton】暂未找到，轮询中...<br/>
[info] 【loginButton】暂未找到，轮询中...<br/>
[info] 【loginButton】暂未找到，轮询中...<br/>
[info] 【loginButton】暂未找到，轮询中...<br/>
[error] 【loginButton】识别失败：识别超时<br/>
[error] 【intoPublisPostPage】测试用例执行失败<br/>
<a target='_blank' href="file:D:\git\Appium\vivoX9_screenshots\PublishPostCase.intoPublisPostPage_20180907015318.png"><br/>
<img width="350" src="file:D:\git\Appium\vivoX9_screenshots\PublishPostCase.intoPublisPostPage_20180907015318.png" />    失败截图：C:\Users\ADMINI~1\AppData\Local\Temp\screenshot8123587305158351560.png<br/>
</a><br /><br/>
[info] 【homePageButton】未找到，识别失败,元素list长度为0<br/>
[info] 正在返回首页...<br/>
[info] 【homePageButton】未找到，识别失败,元素list长度为0<br/>
[info] 正在返回首页...<br/>
[info] 【homePageButton】识别成功<br/>
[info] 正在返回首页...<br/>
[info] 已返回首页<br/>
</div>
</td>
<td><div><pre>java.lang.AssertionError: 【loginButton】元素识别失败，该测试方法自动结束失败
	at gby.appium.page.BasePage.findElement(BasePage.java:94)
	at gby.appium.page.LoginPage.login(LoginPage.java:15)
	at gby.appium.page.FindRoommateBasePage.openPublishPage(FindRoommateBasePage.java:43)
	at gby.testng.testcase.PublishPostCase.intoPublisPostPage(PublishPostCase.java:39)
	at java.util.concurrent.FutureTask.run(Unknown Source)
	at java.util.concurrent.ThreadPoolExecutor.runWorker(Unknown Source)
	at java.util.concurrent.ThreadPoolExecutor$Worker.run(Unknown Source)
	at java.lang.Thread.run(Unknown Source)
... Removed 17 stack frames</pre></div><a href='#' onClick='toggleBox("stack-trace1697424364", this, "Click to show all stack frames", "Click to hide stack frames")'>Click to show all stack frames</a>
<div class='stack-trace' id='stack-trace1697424364'><pre>java.lang.AssertionError: 【loginButton】元素识别失败，该测试方法自动结束失败
	at org.testng.Assert.fail(Assert.java:96)
	at gby.appium.page.BasePage.findElement(BasePage.java:94)
	at gby.appium.page.LoginPage.login(LoginPage.java:15)
	at gby.appium.page.FindRoommateBasePage.openPublishPage(FindRoommateBasePage.java:43)
	at gby.testng.testcase.PublishPostCase.intoPublisPostPage(PublishPostCase.java:39)
	at sun.reflect.NativeMethodAccessorImpl.invoke0(Native Method)
	at sun.reflect.NativeMethodAccessorImpl.invoke(Unknown Source)
	at sun.reflect.DelegatingMethodAccessorImpl.invoke(Unknown Source)
	at java.lang.reflect.Method.invoke(Unknown Source)
	at org.testng.internal.MethodInvocationHelper.invokeMethod(MethodInvocationHelper.java:124)
	at org.testng.internal.Invoker.invokeMethod(Invoker.java:583)
	at org.testng.internal.Invoker.retryFailed(Invoker.java:839)
	at org.testng.internal.Invoker.invokeTestMethods(Invoker.java:1010)
	at org.testng.internal.TestMethodWorker.invokeTestMethods(TestMethodWorker.java:125)
	at org.testng.internal.TestMethodWorker.run(TestMethodWorker.java:109)
	at org.testng.TestRunner.privateRun(TestRunner.java:648)
	at org.testng.TestRunner.run(TestRunner.java:505)
	at org.testng.SuiteRunner.runTest(SuiteRunner.java:455)
	at org.testng.SuiteRunner.access$000(SuiteRunner.java:40)
	at org.testng.SuiteRunner$SuiteWorker.run(SuiteRunner.java:489)
	at org.testng.internal.thread.ThreadUtil$1.call(ThreadUtil.java:52)
	at java.util.concurrent.FutureTask.run(Unknown Source)
	at java.util.concurrent.ThreadPoolExecutor.runWorker(Unknown Source)
	at java.util.concurrent.ThreadPoolExecutor$Worker.run(Unknown Source)
	at java.lang.Thread.run(Unknown Source)
</pre></div></td>
<td>21</td>
<td>gby.testng.testcase.PublishPostCase@167fdd33</td></tr>
</table><p>
<table width='100%' border='1' class='invocation-passed'>
<tr><td colspan='4' align='center'><b>PASSED TESTS</b></td></tr>
<tr><td><b>Test method</b></td>
<td width="30%"><b>Exception</b></td>
<td width="10%"><b>Time (seconds)</b></td>
<td><b>Instance</b></td>
</tr>
<tr>
<td title='gby.testng.testcase.InitDriverCase.f()'><b>f</b><br>Test class: gby.testng.testcase.InitDriverCase<br>Parameters: vivoX9<br/>
<a href="#Output-951599721" onClick='toggleBox("Output-951599721", this, "Show output", "Hide output");'>Show output</a>

<a href="#Output-951599721" onClick="toggleAllBoxes();">Show all outputs</a>
<div class='log' id="Output-951599721">
[info] 【f】测试用例开始执行<br/>
[debug] deviceName: vivoX9<br/>
[debug] 执行命令：[cmd, /c, adb connect 192.168.20.159:5555]<br/>
[debug] 命令结果：connected to 192.168.20.159:5555* daemon not running; starting now at tcp:5037* daemon started successfully<br/>
[info] AndroidDriver初始化完成，打开app成功<br/>
[info] 【f】测试用例执行成功<br/>
</div>
</td>
<td></td>
<td>44</td>
<td>gby.testng.testcase.InitDriverCase@5f282abb</td></tr>
</table><p>
<table width='100%' border='1' class='invocation-skipped'>
<tr><td colspan='4' align='center'><b>SKIPPED TESTS</b></td></tr>
<tr><td><b>Test method</b></td>
<td width="30%"><b>Exception</b></td>
<td width="10%"><b>Time (seconds)</b></td>
<td><b>Instance</b></td>
</tr>
<tr>
<td title='gby.testng.testcase.PublishPostCase.intoPublisPostPage()'><b>intoPublisPostPage</b><br>Test class: gby.testng.testcase.PublishPostCase<br/>
<a href="#Output-472153624" onClick='toggleBox("Output-472153624", this, "Show output", "Hide output");'>Show output</a>

<a href="#Output-472153624" onClick="toggleAllBoxes();">Show all outputs</a>
<div class='log' id="Output-472153624">
[info] 【intoPublisPostPage】测试用例开始执行<br/>
[info] 【findRoommateButton】暂未找到，轮询中...<br/>
[info] 【findRoommateButton】暂未找到，轮询中...<br/>
[info] 【findRoommateButton】暂未找到，轮询中...<br/>
[info] 【findRoommateButton】暂未找到，轮询中...<br/>
[info] 【findRoommateButton】识别成功<br/>
[info] 【publishIcon】识别成功<br/>
[info] 【hasntRoomButton】暂未找到，轮询中...<br/>
[info] 【hasntRoomButton】识别成功<br/>
[debug] 执行命令：[cmd, /c, adb -s 192.168.20.159:5555 shell dumpsys window | findstr mCurrentFocus]<br/>
[debug] 命令结果：  mCurrentFocus=Window{3b21bc7 u0 com.loulifang.house/com.loulifang.house.activities.LoginActivity}<br/>
[info] 【userName】识别成功<br/>
[info] 【password】识别成功<br/>
[info] 【loginButton】暂未找到，轮询中...<br/>
[info] 【loginButton】暂未找到，轮询中...<br/>
[info] 【loginButton】暂未找到，轮询中...<br/>
[info] 【loginButton】暂未找到，轮询中...<br/>
[info] 【loginButton】暂未找到，轮询中...<br/>
[info] 【loginButton】暂未找到，轮询中...<br/>
[info] 【loginButton】暂未找到，轮询中...<br/>
[info] 【loginButton】暂未找到，轮询中...<br/>
[info] 【loginButton】暂未找到，轮询中...<br/>
[info] 【loginButton】暂未找到，轮询中...<br/>
[info] 【loginButton】暂未找到，轮询中...<br/>
[info] 【loginButton】暂未找到，轮询中...<br/>
[info] 【loginButton】暂未找到，轮询中...<br/>
[info] 【loginButton】暂未找到，轮询中...<br/>
[info] 【loginButton】暂未找到，轮询中...<br/>
[info] 【loginButton】暂未找到，轮询中...<br/>
[info] 【loginButton】暂未找到，轮询中...<br/>
[info] 【loginButton】暂未找到，轮询中...<br/>
[info] 【loginButton】暂未找到，轮询中...<br/>
[info] 【loginButton】暂未找到，轮询中...<br/>
[info] 【loginButton】暂未找到，轮询中...<br/>
[info] 【loginButton】暂未找到，轮询中...<br/>
[info] 【loginButton】暂未找到，轮询中...<br/>
[info] 【loginButton】暂未找到，轮询中...<br/>
[error] 【loginButton】识别失败：识别超时<br/>
[info] 测试类：'gby.appium.listern.TestngRetry' 中的测试方法：'intoPublisPostPage' 执行失败，重试第 1 次<br/>
[error] 【intoPublisPostPage】测试用例被跳过<br/>
[info] 【homePageButton】未找到，识别失败,元素list长度为0<br/>
[info] 正在返回首页...<br/>
[info] 【homePageButton】未找到，识别失败,元素list长度为0<br/>
[info] 正在返回首页...<br/>
[info] 【homePageButton】识别成功<br/>
[info] 正在返回首页...<br/>
[info] 已返回首页<br/>
</div>
</td>
<td><div><pre>java.lang.AssertionError: 【loginButton】元素识别失败，该测试方法自动结束失败
	at gby.appium.page.BasePage.findElement(BasePage.java:94)
	at gby.appium.page.LoginPage.login(LoginPage.java:15)
	at gby.appium.page.FindRoommateBasePage.openPublishPage(FindRoommateBasePage.java:43)
	at gby.testng.testcase.PublishPostCase.intoPublisPostPage(PublishPostCase.java:39)
	at java.util.concurrent.FutureTask.run(Unknown Source)
	at java.util.concurrent.ThreadPoolExecutor.runWorker(Unknown Source)
	at java.util.concurrent.ThreadPoolExecutor$Worker.run(Unknown Source)
	at java.lang.Thread.run(Unknown Source)
... Removed 17 stack frames</pre></div><a href='#' onClick='toggleBox("stack-trace472153624", this, "Click to show all stack frames", "Click to hide stack frames")'>Click to show all stack frames</a>
<div class='stack-trace' id='stack-trace472153624'><pre>java.lang.AssertionError: 【loginButton】元素识别失败，该测试方法自动结束失败
	at org.testng.Assert.fail(Assert.java:96)
	at gby.appium.page.BasePage.findElement(BasePage.java:94)
	at gby.appium.page.LoginPage.login(LoginPage.java:15)
	at gby.appium.page.FindRoommateBasePage.openPublishPage(FindRoommateBasePage.java:43)
	at gby.testng.testcase.PublishPostCase.intoPublisPostPage(PublishPostCase.java:39)
	at sun.reflect.NativeMethodAccessorImpl.invoke0(Native Method)
	at sun.reflect.NativeMethodAccessorImpl.invoke(Unknown Source)
	at sun.reflect.DelegatingMethodAccessorImpl.invoke(Unknown Source)
	at java.lang.reflect.Method.invoke(Unknown Source)
	at org.testng.internal.MethodInvocationHelper.invokeMethod(MethodInvocationHelper.java:124)
	at org.testng.internal.Invoker.invokeMethod(Invoker.java:583)
	at org.testng.internal.Invoker.invokeTestMethod(Invoker.java:719)
	at org.testng.internal.Invoker.invokeTestMethods(Invoker.java:989)
	at org.testng.internal.TestMethodWorker.invokeTestMethods(TestMethodWorker.java:125)
	at org.testng.internal.TestMethodWorker.run(TestMethodWorker.java:109)
	at org.testng.TestRunner.privateRun(TestRunner.java:648)
	at org.testng.TestRunner.run(TestRunner.java:505)
	at org.testng.SuiteRunner.runTest(SuiteRunner.java:455)
	at org.testng.SuiteRunner.access$000(SuiteRunner.java:40)
	at org.testng.SuiteRunner$SuiteWorker.run(SuiteRunner.java:489)
	at org.testng.internal.thread.ThreadUtil$1.call(ThreadUtil.java:52)
	at java.util.concurrent.FutureTask.run(Unknown Source)
	at java.util.concurrent.ThreadPoolExecutor.runWorker(Unknown Source)
	at java.util.concurrent.ThreadPoolExecutor$Worker.run(Unknown Source)
	at java.lang.Thread.run(Unknown Source)
</pre></div></td>
<td>25</td>
<td>gby.testng.testcase.PublishPostCase@167fdd33</td></tr>
<tr>
<td title='gby.testng.testcase.PublishPostCase.publishRoom()'><b>publishRoom</b><br>Test class: gby.testng.testcase.PublishPostCase<br/>
<a href="#Output-515650704" onClick='toggleBox("Output-515650704", this, "Show output", "Hide output");'>Show output</a>

<a href="#Output-515650704" onClick="toggleAllBoxes();">Show all outputs</a>
<div class='log' id="Output-515650704">
[error] 【publishRoom】测试用例被跳过<br/>
[info] 【homePageButton】识别成功<br/>
[info] 正在返回首页...<br/>
[info] 已返回首页<br/>
</div>
</td>
<td><div><pre>java.lang.Throwable: Method PublishPostCase.publishRoom()[pri:0, instance:gby.testng.testcase.PublishPostCase@167fdd33] depends on not successfully finished methods
	at java.util.concurrent.FutureTask.run(Unknown Source)
	at java.util.concurrent.ThreadPoolExecutor.runWorker(Unknown Source)
	at java.util.concurrent.ThreadPoolExecutor$Worker.run(Unknown Source)
	at java.lang.Thread.run(Unknown Source)
... Removed 9 stack frames</pre></div><a href='#' onClick='toggleBox("stack-trace515650704", this, "Click to show all stack frames", "Click to hide stack frames")'>Click to show all stack frames</a>
<div class='stack-trace' id='stack-trace515650704'><pre>java.lang.Throwable: Method PublishPostCase.publishRoom()[pri:0, instance:gby.testng.testcase.PublishPostCase@167fdd33] depends on not successfully finished methods
	at org.testng.internal.Invoker.invokeTestMethods(Invoker.java:888)
	at org.testng.internal.TestMethodWorker.invokeTestMethods(TestMethodWorker.java:125)
	at org.testng.internal.TestMethodWorker.run(TestMethodWorker.java:109)
	at org.testng.TestRunner.privateRun(TestRunner.java:648)
	at org.testng.TestRunner.run(TestRunner.java:505)
	at org.testng.SuiteRunner.runTest(SuiteRunner.java:455)
	at org.testng.SuiteRunner.access$000(SuiteRunner.java:40)
	at org.testng.SuiteRunner$SuiteWorker.run(SuiteRunner.java:489)
	at org.testng.internal.thread.ThreadUtil$1.call(ThreadUtil.java:52)
	at java.util.concurrent.FutureTask.run(Unknown Source)
	at java.util.concurrent.ThreadPoolExecutor.runWorker(Unknown Source)
	at java.util.concurrent.ThreadPoolExecutor$Worker.run(Unknown Source)
	at java.lang.Thread.run(Unknown Source)
</pre></div></td>
<td>0</td>
<td>null</td></tr>
</table><p>
</body>
</html>